2022-04-03 13:15:07,614:INFO:Initializing load_model()
2022-04-03 13:15:07,614:INFO:load_model(model_name=extra_tree_model, platform=None, authentication=None, verbose=True)
2022-04-03 13:15:10,798:INFO:Initializing load_model()
2022-04-03 13:15:10,798:INFO:load_model(model_name=extra_tree_model, platform=None, authentication=None, verbose=True)
2022-04-03 13:15:10,888:INFO:Initializing predict_model()
2022-04-03 13:15:10,888:INFO:predict_model(estimator=Pipeline(steps=[('dtypes',
                 DataTypes_Auto_infer(ml_usecase='classification',
                                      target='quality')),
                ('imputer',
                 Simple_Imputer(categorical_strategy='not_available',
                                fill_value_categorical=None,
                                fill_value_numerical=None,
                                numeric_strategy='mean',
                                target_variable=None)),
                ('new_levels1',
                 New_Catagorical_Levels_in_TestData(replacement_strategy='least '
                                                                         'frequent',
                                                    tar...
                ('binn', 'passthrough'), ('rem_outliers', 'passthrough'),
                ('cluster_all', 'passthrough'),
                ('dummy', Dummify(target='quality')),
                ('fix_perfect', Remove_100(target='quality')),
                ('clean_names', Clean_Colum_Names()),
                ('feature_select', 'passthrough'), ('fix_multi', 'passthrough'),
                ('dfs', 'passthrough'), ('pca', 'passthrough'),
                ['trained_model',
                 ExtraTreesClassifier(n_jobs=-1, random_state=123)]]), probability_threshold=None, encoded_labels=False, drift_report=False, raw_score=False, round=4, verbose=True, ml_usecase=MLUsecase.CLASSIFICATION, display=None, drift_kwargs=None)
2022-04-03 13:15:10,888:INFO:Checking exceptions
2022-04-03 13:15:10,888:INFO:Preloading libraries
2022-04-03 13:15:22,931:INFO:Initializing load_model()
2022-04-03 13:15:22,931:INFO:load_model(model_name=extra_tree_model, platform=None, authentication=None, verbose=True)
2022-04-03 13:15:24,903:INFO:Initializing load_model()
2022-04-03 13:15:24,904:INFO:load_model(model_name=extra_tree_model, platform=None, authentication=None, verbose=True)
2022-04-03 13:15:24,986:INFO:Initializing predict_model()
2022-04-03 13:15:24,986:INFO:predict_model(estimator=Pipeline(steps=[('dtypes',
                 DataTypes_Auto_infer(ml_usecase='classification',
                                      target='quality')),
                ('imputer',
                 Simple_Imputer(categorical_strategy='not_available',
                                fill_value_categorical=None,
                                fill_value_numerical=None,
                                numeric_strategy='mean',
                                target_variable=None)),
                ('new_levels1',
                 New_Catagorical_Levels_in_TestData(replacement_strategy='least '
                                                                         'frequent',
                                                    tar...
                ('binn', 'passthrough'), ('rem_outliers', 'passthrough'),
                ('cluster_all', 'passthrough'),
                ('dummy', Dummify(target='quality')),
                ('fix_perfect', Remove_100(target='quality')),
                ('clean_names', Clean_Colum_Names()),
                ('feature_select', 'passthrough'), ('fix_multi', 'passthrough'),
                ('dfs', 'passthrough'), ('pca', 'passthrough'),
                ['trained_model',
                 ExtraTreesClassifier(n_jobs=-1, random_state=123)]]), probability_threshold=None, encoded_labels=False, drift_report=False, raw_score=False, round=4, verbose=True, ml_usecase=MLUsecase.CLASSIFICATION, display=None, drift_kwargs=None)
2022-04-03 13:15:24,986:INFO:Checking exceptions
2022-04-03 13:15:24,987:INFO:Preloading libraries
2022-04-03 13:36:09,244:INFO:PyCaret Classification Module
2022-04-03 13:36:09,244:INFO:version 2.1
2022-04-03 13:36:09,244:INFO:Initializing setup()
2022-04-03 13:36:09,244:INFO:USI: 0f77
2022-04-03 13:36:09,244:INFO:setup(data=(1599, 12), target=quality, train_size=0.7, sampling=True, sample_estimator=None, categorical_features=None, categorical_imputation=constant, ordinal_features=None,
                    high_cardinality_features=None, high_cardinality_method=frequency, numeric_features=None, numeric_imputation=mean, date_features=None, ignore_features=None, normalize=False,
                    normalize_method=zscore, transformation=False, transformation_method=yeo-johnson, handle_unknown_categorical=True, unknown_categorical_method=least_frequent, pca=False, pca_method=linear,
                    pca_components=None, ignore_low_variance=False, combine_rare_levels=False, rare_level_threshold=0.1, bin_numeric_features=None, remove_outliers=False, outliers_threshold=0.05,
                    remove_multicollinearity=False, multicollinearity_threshold=0.9, remove_perfect_collinearity=False, create_clusters=False, cluster_iter=20,
                    polynomial_features=False, polynomial_degree=2, trigonometry_features=False, polynomial_threshold=0.1, group_features=None,
                    group_names=None, feature_selection=False, feature_selection_threshold=0.8, feature_interaction=False, feature_ratio=False, interaction_threshold=0.01,
                    fix_imbalance=False, fix_imbalance_method=None, data_split_shuffle=True, folds_shuffle=False, n_jobs=-1, html=True, session_id=123, log_experiment=False,
                    experiment_name=None, log_plots=False, log_profile=False, log_data=False, silent=False, verbose=True, profile=False)
2022-04-03 13:36:09,244:INFO:Checking environment
2022-04-03 13:36:09,244:INFO:python_version: 3.8.13
2022-04-03 13:36:09,245:INFO:python_build: ('default', 'Mar 28 2022 06:59:08')
2022-04-03 13:36:09,245:INFO:machine: AMD64
2022-04-03 13:36:09,245:INFO:platform: Windows-10-10.0.19044-SP0
2022-04-03 13:36:09,245:INFO:Memory: svmem(total=17018638336, available=9358077952, percent=45.0, used=7660560384, free=9358077952)
2022-04-03 13:36:09,245:INFO:Physical Core: 6
2022-04-03 13:36:09,245:INFO:Logical Core: 12
2022-04-03 13:36:09,245:INFO:Checking libraries
2022-04-03 13:36:09,245:INFO:pd==1.4.2
2022-04-03 13:36:09,245:INFO:numpy==1.19.5
2022-04-03 13:36:09,740:INFO:sklearn==0.23.2
2022-04-03 13:36:09,877:INFO:xgboost==1.5.2
2022-04-03 13:36:10,061:INFO:lightgbm==3.3.2
2022-04-03 13:36:10,342:INFO:catboost==1.0.4
2022-04-03 13:36:10,797:INFO:mlflow==1.24.0
2022-04-03 13:36:10,797:INFO:Checking Exceptions
2022-04-03 13:36:10,797:INFO:Preloading libraries
2022-04-03 13:36:10,797:INFO:Preparing display monitor
2022-04-03 13:36:10,809:INFO:Importing libraries
2022-04-03 13:36:12,133:INFO:Declaring global variables
2022-04-03 13:36:12,134:INFO:Copying data for preprocessing
2022-04-03 13:36:12,137:INFO:Declaring preprocessing parameters
2022-04-03 13:36:12,137:INFO:Importing preprocessing module
2022-04-03 13:36:12,684:INFO:Creating preprocessing pipeline
2022-04-03 13:36:14,743:INFO:Preprocessing pipeline created successfully
2022-04-03 13:36:14,743:INFO:Creating grid variables
2022-04-03 13:36:14,745:INFO:Creating global containers
2022-04-03 13:36:14,840:INFO:create_model_container 0
2022-04-03 13:36:14,840:INFO:master_model_container 0
2022-04-03 13:36:14,841:INFO:display_container 0
2022-04-03 13:36:14,848:INFO:Pipeline(memory=None,
         steps=[('dtypes',
                 DataTypes_Auto_infer(categorical_features=[],
                                      display_types=True, features_todrop=[],
                                      ml_usecase='classification',
                                      numerical_features=[], target='quality',
                                      time_features=[])),
                ('imputer',
                 Simple_Imputer(categorical_strategy='not_available',
                                numeric_strategy='mean',
                                target_variable=None)),
                ('new_levels1',
                 New_Catagorical_Le...
                ('group', Empty()), ('nonliner', Empty()), ('scaling', Empty()),
                ('P_transform', Empty()), ('pt_target', Empty()),
                ('binn', Empty()), ('rem_outliers', Empty()),
                ('cluster_all', Empty()), ('dummy', Dummify(target='quality')),
                ('fix_perfect', Empty()), ('clean_names', Clean_Colum_Names()),
                ('feature_select', Empty()), ('fix_multi', Empty()),
                ('dfs', Empty()), ('pca', Empty())],
         verbose=False)
2022-04-03 13:36:14,848:INFO:setup() succesfully completed......................................
2022-04-03 13:36:20,116:INFO:PyCaret Classification Module
2022-04-03 13:36:20,116:INFO:version 2.1
2022-04-03 13:36:20,116:INFO:Initializing setup()
2022-04-03 13:36:20,116:INFO:USI: d7de
2022-04-03 13:36:20,116:INFO:setup(data=(1599, 12), target=quality, train_size=0.7, sampling=True, sample_estimator=None, categorical_features=None, categorical_imputation=constant, ordinal_features=None,
                    high_cardinality_features=None, high_cardinality_method=frequency, numeric_features=None, numeric_imputation=mean, date_features=None, ignore_features=None, normalize=True,
                    normalize_method=zscore, transformation=True, transformation_method=yeo-johnson, handle_unknown_categorical=True, unknown_categorical_method=least_frequent, pca=False, pca_method=linear,
                    pca_components=None, ignore_low_variance=False, combine_rare_levels=False, rare_level_threshold=0.1, bin_numeric_features=None, remove_outliers=False, outliers_threshold=0.05,
                    remove_multicollinearity=False, multicollinearity_threshold=0.9, remove_perfect_collinearity=False, create_clusters=False, cluster_iter=20,
                    polynomial_features=False, polynomial_degree=2, trigonometry_features=False, polynomial_threshold=0.1, group_features=None,
                    group_names=None, feature_selection=False, feature_selection_threshold=0.8, feature_interaction=False, feature_ratio=False, interaction_threshold=0.01,
                    fix_imbalance=False, fix_imbalance_method=None, data_split_shuffle=True, folds_shuffle=False, n_jobs=-1, html=True, session_id=123, log_experiment=False,
                    experiment_name=None, log_plots=False, log_profile=False, log_data=False, silent=False, verbose=True, profile=False)
2022-04-03 13:36:20,117:INFO:Checking environment
2022-04-03 13:36:20,117:INFO:python_version: 3.8.13
2022-04-03 13:36:20,117:INFO:python_build: ('default', 'Mar 28 2022 06:59:08')
2022-04-03 13:36:20,117:INFO:machine: AMD64
2022-04-03 13:36:20,117:INFO:platform: Windows-10-10.0.19044-SP0
2022-04-03 13:36:20,117:INFO:Memory: svmem(total=17018638336, available=9182728192, percent=46.0, used=7835910144, free=9182728192)
2022-04-03 13:36:20,117:INFO:Physical Core: 6
2022-04-03 13:36:20,117:INFO:Logical Core: 12
2022-04-03 13:36:20,117:INFO:Checking libraries
2022-04-03 13:36:20,117:INFO:pd==1.4.2
2022-04-03 13:36:20,117:INFO:numpy==1.19.5
2022-04-03 13:36:20,117:INFO:sklearn==0.23.2
2022-04-03 13:36:20,117:INFO:xgboost==1.5.2
2022-04-03 13:36:20,117:INFO:lightgbm==3.3.2
2022-04-03 13:36:20,117:INFO:catboost==1.0.4
2022-04-03 13:36:20,118:INFO:mlflow==1.24.0
2022-04-03 13:36:20,118:INFO:Checking Exceptions
2022-04-03 13:36:20,118:INFO:Preloading libraries
2022-04-03 13:36:20,118:INFO:Preparing display monitor
2022-04-03 13:36:20,132:INFO:Importing libraries
2022-04-03 13:36:20,139:INFO:Declaring global variables
2022-04-03 13:36:20,140:INFO:Copying data for preprocessing
2022-04-03 13:36:20,143:INFO:Declaring preprocessing parameters
2022-04-03 13:36:20,144:INFO:Importing preprocessing module
2022-04-03 13:36:20,144:INFO:Creating preprocessing pipeline
2022-04-03 13:36:22,529:INFO:Preprocessing pipeline created successfully
2022-04-03 13:36:22,529:INFO:Creating grid variables
2022-04-03 13:36:22,532:INFO:Creating global containers
2022-04-03 13:36:22,550:INFO:create_model_container 0
2022-04-03 13:36:22,550:INFO:master_model_container 0
2022-04-03 13:36:22,550:INFO:display_container 0
2022-04-03 13:36:22,557:INFO:Pipeline(memory=None,
         steps=[('dtypes',
                 DataTypes_Auto_infer(categorical_features=[],
                                      display_types=True, features_todrop=[],
                                      ml_usecase='classification',
                                      numerical_features=[], target='quality',
                                      time_features=[])),
                ('imputer',
                 Simple_Imputer(categorical_strategy='not_available',
                                numeric_strategy='mean',
                                target_variable=None)),
                ('new_levels1',
                 New_Catagorical_Le...
                 Scaling_and_Power_transformation(function_to_apply='yj',
                                                  random_state_quantile=123,
                                                  target='quality')),
                ('pt_target', Empty()), ('binn', Empty()),
                ('rem_outliers', Empty()), ('cluster_all', Empty()),
                ('dummy', Dummify(target='quality')), ('fix_perfect', Empty()),
                ('clean_names', Clean_Colum_Names()),
                ('feature_select', Empty()), ('fix_multi', Empty()),
                ('dfs', Empty()), ('pca', Empty())],
         verbose=False)
2022-04-03 13:36:22,557:INFO:setup() succesfully completed......................................
2022-04-03 13:36:25,690:INFO:Initializing compare_models()
2022-04-03 13:36:25,691:INFO:compare_models(exclude=None, include=None, fold=10, round=4, sort=Accuracy, n_select=1, turbo=True, verbose=True)
2022-04-03 13:36:25,691:INFO:Checking exceptions
2022-04-03 13:36:25,692:INFO:Preloading libraries
2022-04-03 13:36:25,692:INFO:Preparing display monitor
2022-04-03 13:36:25,715:INFO:Copying training dataset
2022-04-03 13:36:25,716:INFO:Importing libraries
2022-04-03 13:36:25,749:INFO:Importing untrained models
2022-04-03 13:36:25,750:INFO:Import successful
2022-04-03 13:36:25,755:INFO:Defining folds
2022-04-03 13:36:25,756:INFO:Declaring metric variables
2022-04-03 13:36:25,756:INFO:Initializing Logistic Regression
2022-04-03 13:36:25,762:INFO:Initializing Fold 1
2022-04-03 13:36:25,763:INFO:Total runtime is 9.973843892415364e-05 minutes
2022-04-03 13:36:25,769:INFO:Fitting Model
2022-04-03 13:36:25,785:INFO:Evaluating Metrics
2022-04-03 13:36:25,793:INFO:Compiling Metrics
2022-04-03 13:36:25,800:INFO:Initializing Fold 2
2022-04-03 13:36:25,800:INFO:Total runtime is 0.0007313648859659831 minutes
2022-04-03 13:36:25,806:INFO:Fitting Model
2022-04-03 13:36:25,822:INFO:Evaluating Metrics
2022-04-03 13:36:25,828:INFO:Compiling Metrics
2022-04-03 13:36:25,835:INFO:Initializing Fold 3
2022-04-03 13:36:25,836:INFO:Total runtime is 0.0013297597567240396 minutes
2022-04-03 13:36:25,841:INFO:Fitting Model
2022-04-03 13:36:25,854:INFO:Evaluating Metrics
2022-04-03 13:36:25,862:INFO:Compiling Metrics
2022-04-03 13:36:25,868:INFO:Initializing Fold 4
2022-04-03 13:36:25,868:INFO:Total runtime is 0.0018616636594136556 minutes
2022-04-03 13:36:25,875:INFO:Fitting Model
2022-04-03 13:36:25,889:INFO:Evaluating Metrics
2022-04-03 13:36:25,895:INFO:Compiling Metrics
2022-04-03 13:36:25,901:INFO:Initializing Fold 5
2022-04-03 13:36:25,902:INFO:Total runtime is 0.0024268388748168944 minutes
2022-04-03 13:36:25,907:INFO:Fitting Model
2022-04-03 13:36:25,920:INFO:Evaluating Metrics
2022-04-03 13:36:25,926:INFO:Compiling Metrics
2022-04-03 13:36:25,932:INFO:Initializing Fold 6
2022-04-03 13:36:25,933:INFO:Total runtime is 0.0029421329498291017 minutes
2022-04-03 13:36:25,940:INFO:Fitting Model
2022-04-03 13:36:25,953:INFO:Evaluating Metrics
2022-04-03 13:36:25,959:INFO:Compiling Metrics
2022-04-03 13:36:25,965:INFO:Initializing Fold 7
2022-04-03 13:36:25,965:INFO:Total runtime is 0.0034740447998046877 minutes
2022-04-03 13:36:25,973:INFO:Fitting Model
2022-04-03 13:36:25,985:INFO:Evaluating Metrics
2022-04-03 13:36:25,992:INFO:Compiling Metrics
2022-04-03 13:36:25,998:INFO:Initializing Fold 8
2022-04-03 13:36:25,998:INFO:Total runtime is 0.004022554556528727 minutes
2022-04-03 13:36:26,003:INFO:Fitting Model
2022-04-03 13:36:26,015:INFO:Evaluating Metrics
2022-04-03 13:36:26,022:INFO:Compiling Metrics
2022-04-03 13:36:26,027:INFO:Initializing Fold 9
2022-04-03 13:36:26,028:INFO:Total runtime is 0.004521234830220541 minutes
2022-04-03 13:36:26,034:INFO:Fitting Model
2022-04-03 13:36:26,046:INFO:Evaluating Metrics
2022-04-03 13:36:26,052:INFO:Compiling Metrics
2022-04-03 13:36:26,058:INFO:Initializing Fold 10
2022-04-03 13:36:26,058:INFO:Total runtime is 0.005036536852518717 minutes
2022-04-03 13:36:26,064:INFO:Fitting Model
2022-04-03 13:36:26,076:INFO:Evaluating Metrics
2022-04-03 13:36:26,083:INFO:Compiling Metrics
2022-04-03 13:36:26,088:INFO:Calculating mean and std
2022-04-03 13:36:26,089:INFO:Creating metrics dataframe
2022-04-03 13:36:26,097:INFO:Initializing K Neighbors Classifier
2022-04-03 13:36:26,102:INFO:Initializing Fold 1
2022-04-03 13:36:26,103:INFO:Total runtime is 0.005784511566162109 minutes
2022-04-03 13:36:26,109:INFO:Fitting Model
2022-04-03 13:36:26,112:INFO:Evaluating Metrics
2022-04-03 13:36:26,143:INFO:Compiling Metrics
2022-04-03 13:36:26,148:INFO:Initializing Fold 2
2022-04-03 13:36:26,149:INFO:Total runtime is 0.006549139817555745 minutes
2022-04-03 13:36:26,154:INFO:Fitting Model
2022-04-03 13:36:26,160:INFO:Evaluating Metrics
2022-04-03 13:36:26,190:INFO:Compiling Metrics
2022-04-03 13:36:26,195:INFO:Initializing Fold 3
2022-04-03 13:36:26,195:INFO:Total runtime is 0.007313748200734456 minutes
2022-04-03 13:36:26,200:INFO:Fitting Model
2022-04-03 13:36:26,204:INFO:Evaluating Metrics
2022-04-03 13:36:26,232:INFO:Compiling Metrics
2022-04-03 13:36:26,239:INFO:Initializing Fold 4
2022-04-03 13:36:26,240:INFO:Total runtime is 0.008061762650807698 minutes
2022-04-03 13:36:26,244:INFO:Fitting Model
2022-04-03 13:36:26,249:INFO:Evaluating Metrics
2022-04-03 13:36:26,277:INFO:Compiling Metrics
2022-04-03 13:36:26,284:INFO:Initializing Fold 5
2022-04-03 13:36:26,285:INFO:Total runtime is 0.00880975325902303 minutes
2022-04-03 13:36:26,290:INFO:Fitting Model
2022-04-03 13:36:26,294:INFO:Evaluating Metrics
2022-04-03 13:36:26,324:INFO:Compiling Metrics
2022-04-03 13:36:26,330:INFO:Initializing Fold 6
2022-04-03 13:36:26,331:INFO:Total runtime is 0.009574413299560547 minutes
2022-04-03 13:36:26,335:INFO:Fitting Model
2022-04-03 13:36:26,339:INFO:Evaluating Metrics
2022-04-03 13:36:26,368:INFO:Compiling Metrics
2022-04-03 13:36:26,373:INFO:Initializing Fold 7
2022-04-03 13:36:26,374:INFO:Total runtime is 0.010289140542348226 minutes
2022-04-03 13:36:26,379:INFO:Fitting Model
2022-04-03 13:36:26,383:INFO:Evaluating Metrics
2022-04-03 13:36:26,411:INFO:Compiling Metrics
2022-04-03 13:36:26,416:INFO:Initializing Fold 8
2022-04-03 13:36:26,416:INFO:Total runtime is 0.01100388765335083 minutes
2022-04-03 13:36:26,422:INFO:Fitting Model
2022-04-03 13:36:26,425:INFO:Evaluating Metrics
2022-04-03 13:36:26,453:INFO:Compiling Metrics
2022-04-03 13:36:26,459:INFO:Initializing Fold 9
2022-04-03 13:36:26,459:INFO:Total runtime is 0.01171863873799642 minutes
2022-04-03 13:36:26,465:INFO:Fitting Model
2022-04-03 13:36:26,470:INFO:Evaluating Metrics
2022-04-03 13:36:26,499:INFO:Compiling Metrics
2022-04-03 13:36:26,505:INFO:Initializing Fold 10
2022-04-03 13:36:26,506:INFO:Total runtime is 0.01249990463256836 minutes
2022-04-03 13:36:26,511:INFO:Fitting Model
2022-04-03 13:36:26,516:INFO:Evaluating Metrics
2022-04-03 13:36:26,546:INFO:Compiling Metrics
2022-04-03 13:36:26,552:INFO:Calculating mean and std
2022-04-03 13:36:26,553:INFO:Creating metrics dataframe
2022-04-03 13:36:26,564:INFO:Initializing Naive Bayes
2022-04-03 13:36:26,571:INFO:Initializing Fold 1
2022-04-03 13:36:26,572:INFO:Total runtime is 0.01359699567159017 minutes
2022-04-03 13:36:26,578:INFO:Fitting Model
2022-04-03 13:36:26,581:INFO:Evaluating Metrics
2022-04-03 13:36:26,587:INFO:Compiling Metrics
2022-04-03 13:36:26,594:INFO:Initializing Fold 2
2022-04-03 13:36:26,594:INFO:Total runtime is 0.013962654272715251 minutes
2022-04-03 13:36:26,600:INFO:Fitting Model
2022-04-03 13:36:26,602:INFO:Evaluating Metrics
2022-04-03 13:36:26,613:INFO:Compiling Metrics
2022-04-03 13:36:26,619:INFO:Initializing Fold 3
2022-04-03 13:36:26,620:INFO:Total runtime is 0.014394827683766683 minutes
2022-04-03 13:36:26,626:INFO:Fitting Model
2022-04-03 13:36:26,629:INFO:Evaluating Metrics
2022-04-03 13:36:26,638:INFO:Compiling Metrics
2022-04-03 13:36:26,645:INFO:Initializing Fold 4
2022-04-03 13:36:26,647:INFO:Total runtime is 0.01484368642171224 minutes
2022-04-03 13:36:26,652:INFO:Fitting Model
2022-04-03 13:36:26,656:INFO:Evaluating Metrics
2022-04-03 13:36:26,663:INFO:Compiling Metrics
2022-04-03 13:36:26,669:INFO:Initializing Fold 5
2022-04-03 13:36:26,670:INFO:Total runtime is 0.015225950876871746 minutes
2022-04-03 13:36:26,676:INFO:Fitting Model
2022-04-03 13:36:26,679:INFO:Evaluating Metrics
2022-04-03 13:36:26,687:INFO:Compiling Metrics
2022-04-03 13:36:26,694:INFO:Initializing Fold 6
2022-04-03 13:36:26,694:INFO:Total runtime is 0.01562488079071045 minutes
2022-04-03 13:36:26,700:INFO:Fitting Model
2022-04-03 13:36:26,703:INFO:Evaluating Metrics
2022-04-03 13:36:26,710:INFO:Compiling Metrics
2022-04-03 13:36:26,717:INFO:Initializing Fold 7
2022-04-03 13:36:26,718:INFO:Total runtime is 0.01602381467819214 minutes
2022-04-03 13:36:26,726:INFO:Fitting Model
2022-04-03 13:36:26,728:INFO:Evaluating Metrics
2022-04-03 13:36:26,737:INFO:Compiling Metrics
2022-04-03 13:36:26,743:INFO:Initializing Fold 8
2022-04-03 13:36:26,744:INFO:Total runtime is 0.016455984115600585 minutes
2022-04-03 13:36:26,750:INFO:Fitting Model
2022-04-03 13:36:26,752:INFO:Evaluating Metrics
2022-04-03 13:36:26,760:INFO:Compiling Metrics
2022-04-03 13:36:26,768:INFO:Initializing Fold 9
2022-04-03 13:36:26,768:INFO:Total runtime is 0.016854902108510334 minutes
2022-04-03 13:36:26,774:INFO:Fitting Model
2022-04-03 13:36:26,776:INFO:Evaluating Metrics
2022-04-03 13:36:26,785:INFO:Compiling Metrics
2022-04-03 13:36:26,791:INFO:Initializing Fold 10
2022-04-03 13:36:26,791:INFO:Total runtime is 0.017253843943277995 minutes
2022-04-03 13:36:26,797:INFO:Fitting Model
2022-04-03 13:36:26,799:INFO:Evaluating Metrics
2022-04-03 13:36:26,807:INFO:Compiling Metrics
2022-04-03 13:36:26,813:INFO:Calculating mean and std
2022-04-03 13:36:26,814:INFO:Creating metrics dataframe
2022-04-03 13:36:26,823:INFO:Initializing Decision Tree Classifier
2022-04-03 13:36:26,830:INFO:Initializing Fold 1
2022-04-03 13:36:26,831:INFO:Total runtime is 0.01791878938674927 minutes
2022-04-03 13:36:26,836:INFO:Fitting Model
2022-04-03 13:36:26,843:INFO:Evaluating Metrics
2022-04-03 13:36:26,851:INFO:Compiling Metrics
2022-04-03 13:36:26,858:INFO:Initializing Fold 2
2022-04-03 13:36:26,858:INFO:Total runtime is 0.018367552757263185 minutes
2022-04-03 13:36:26,864:INFO:Fitting Model
2022-04-03 13:36:26,872:INFO:Evaluating Metrics
2022-04-03 13:36:26,881:INFO:Compiling Metrics
2022-04-03 13:36:26,887:INFO:Initializing Fold 3
2022-04-03 13:36:26,888:INFO:Total runtime is 0.018866244951883954 minutes
2022-04-03 13:36:26,895:INFO:Fitting Model
2022-04-03 13:36:26,902:INFO:Evaluating Metrics
2022-04-03 13:36:26,910:INFO:Compiling Metrics
2022-04-03 13:36:26,916:INFO:Initializing Fold 4
2022-04-03 13:36:26,917:INFO:Total runtime is 0.019348239898681643 minutes
2022-04-03 13:36:26,923:INFO:Fitting Model
2022-04-03 13:36:26,930:INFO:Evaluating Metrics
2022-04-03 13:36:26,940:INFO:Compiling Metrics
2022-04-03 13:36:26,946:INFO:Initializing Fold 5
2022-04-03 13:36:26,947:INFO:Total runtime is 0.01984697182973226 minutes
2022-04-03 13:36:26,954:INFO:Fitting Model
2022-04-03 13:36:26,963:INFO:Evaluating Metrics
2022-04-03 13:36:26,970:INFO:Compiling Metrics
2022-04-03 13:36:26,977:INFO:Initializing Fold 6
2022-04-03 13:36:26,978:INFO:Total runtime is 0.02036219835281372 minutes
2022-04-03 13:36:26,983:INFO:Fitting Model
2022-04-03 13:36:26,990:INFO:Evaluating Metrics
2022-04-03 13:36:26,997:INFO:Compiling Metrics
2022-04-03 13:36:27,005:INFO:Initializing Fold 7
2022-04-03 13:36:27,006:INFO:Total runtime is 0.020827754338582357 minutes
2022-04-03 13:36:27,011:INFO:Fitting Model
2022-04-03 13:36:27,020:INFO:Evaluating Metrics
2022-04-03 13:36:27,027:INFO:Compiling Metrics
2022-04-03 13:36:27,033:INFO:Initializing Fold 8
2022-04-03 13:36:27,034:INFO:Total runtime is 0.02129304806391398 minutes
2022-04-03 13:36:27,040:INFO:Fitting Model
2022-04-03 13:36:27,048:INFO:Evaluating Metrics
2022-04-03 13:36:27,054:INFO:Compiling Metrics
2022-04-03 13:36:27,060:INFO:Initializing Fold 9
2022-04-03 13:36:27,060:INFO:Total runtime is 0.021725233395894366 minutes
2022-04-03 13:36:27,066:INFO:Fitting Model
2022-04-03 13:36:27,072:INFO:Evaluating Metrics
2022-04-03 13:36:27,079:INFO:Compiling Metrics
2022-04-03 13:36:27,085:INFO:Initializing Fold 10
2022-04-03 13:36:27,086:INFO:Total runtime is 0.02215741872787475 minutes
2022-04-03 13:36:27,092:INFO:Fitting Model
2022-04-03 13:36:27,099:INFO:Evaluating Metrics
2022-04-03 13:36:27,106:INFO:Compiling Metrics
2022-04-03 13:36:27,111:INFO:Calculating mean and std
2022-04-03 13:36:27,112:INFO:Creating metrics dataframe
2022-04-03 13:36:27,123:INFO:Initializing SVM - Linear Kernel
2022-04-03 13:36:27,129:INFO:Initializing Fold 1
2022-04-03 13:36:27,130:INFO:Total runtime is 0.022888799508412674 minutes
2022-04-03 13:36:27,136:INFO:Fitting Model
2022-04-03 13:36:27,143:INFO:Evaluating Metrics
2022-04-03 13:36:27,143:WARNING:model has no predict_proba attribute. pred_prob set to 0.00
2022-04-03 13:36:27,145:WARNING:model has no predict_proba attribute. AUC set to 0.00
2022-04-03 13:36:27,148:INFO:Compiling Metrics
2022-04-03 13:36:27,154:INFO:Initializing Fold 2
2022-04-03 13:36:27,155:INFO:Total runtime is 0.023304406801859533 minutes
2022-04-03 13:36:27,160:INFO:Fitting Model
2022-04-03 13:36:27,166:INFO:Evaluating Metrics
2022-04-03 13:36:27,166:WARNING:model has no predict_proba attribute. pred_prob set to 0.00
2022-04-03 13:36:27,169:WARNING:model has no predict_proba attribute. AUC set to 0.00
2022-04-03 13:36:27,172:INFO:Compiling Metrics
2022-04-03 13:36:27,178:INFO:Initializing Fold 3
2022-04-03 13:36:27,178:INFO:Total runtime is 0.023703265190124508 minutes
2022-04-03 13:36:27,185:INFO:Fitting Model
2022-04-03 13:36:27,192:INFO:Evaluating Metrics
2022-04-03 13:36:27,192:WARNING:model has no predict_proba attribute. pred_prob set to 0.00
2022-04-03 13:36:27,193:WARNING:model has no predict_proba attribute. AUC set to 0.00
2022-04-03 13:36:27,196:INFO:Compiling Metrics
2022-04-03 13:36:27,202:INFO:Initializing Fold 4
2022-04-03 13:36:27,203:INFO:Total runtime is 0.024118832747141515 minutes
2022-04-03 13:36:27,209:INFO:Fitting Model
2022-04-03 13:36:27,214:INFO:Evaluating Metrics
2022-04-03 13:36:27,215:WARNING:model has no predict_proba attribute. pred_prob set to 0.00
2022-04-03 13:36:27,217:WARNING:model has no predict_proba attribute. AUC set to 0.00
2022-04-03 13:36:27,219:INFO:Compiling Metrics
2022-04-03 13:36:27,226:INFO:Initializing Fold 5
2022-04-03 13:36:27,226:INFO:Total runtime is 0.02450113693873087 minutes
2022-04-03 13:36:27,233:INFO:Fitting Model
2022-04-03 13:36:27,240:INFO:Evaluating Metrics
2022-04-03 13:36:27,240:WARNING:model has no predict_proba attribute. pred_prob set to 0.00
2022-04-03 13:36:27,242:WARNING:model has no predict_proba attribute. AUC set to 0.00
2022-04-03 13:36:27,244:INFO:Compiling Metrics
2022-04-03 13:36:27,252:INFO:Initializing Fold 6
2022-04-03 13:36:27,253:INFO:Total runtime is 0.024949944019317622 minutes
2022-04-03 13:36:27,259:INFO:Fitting Model
2022-04-03 13:36:27,267:INFO:Evaluating Metrics
2022-04-03 13:36:27,267:WARNING:model has no predict_proba attribute. pred_prob set to 0.00
2022-04-03 13:36:27,269:WARNING:model has no predict_proba attribute. AUC set to 0.00
2022-04-03 13:36:27,272:INFO:Compiling Metrics
2022-04-03 13:36:27,277:INFO:Initializing Fold 7
2022-04-03 13:36:27,277:INFO:Total runtime is 0.02534886995951334 minutes
2022-04-03 13:36:27,283:INFO:Fitting Model
2022-04-03 13:36:27,291:INFO:Evaluating Metrics
2022-04-03 13:36:27,291:WARNING:model has no predict_proba attribute. pred_prob set to 0.00
2022-04-03 13:36:27,293:WARNING:model has no predict_proba attribute. AUC set to 0.00
2022-04-03 13:36:27,296:INFO:Compiling Metrics
2022-04-03 13:36:27,302:INFO:Initializing Fold 8
2022-04-03 13:36:27,302:INFO:Total runtime is 0.025764433542887363 minutes
2022-04-03 13:36:27,308:INFO:Fitting Model
2022-04-03 13:36:27,314:INFO:Evaluating Metrics
2022-04-03 13:36:27,314:WARNING:model has no predict_proba attribute. pred_prob set to 0.00
2022-04-03 13:36:27,316:WARNING:model has no predict_proba attribute. AUC set to 0.00
2022-04-03 13:36:27,319:INFO:Compiling Metrics
2022-04-03 13:36:27,326:INFO:Initializing Fold 9
2022-04-03 13:36:27,328:INFO:Total runtime is 0.026196606953938797 minutes
2022-04-03 13:36:27,334:INFO:Fitting Model
2022-04-03 13:36:27,340:INFO:Evaluating Metrics
2022-04-03 13:36:27,340:WARNING:model has no predict_proba attribute. pred_prob set to 0.00
2022-04-03 13:36:27,342:WARNING:model has no predict_proba attribute. AUC set to 0.00
2022-04-03 13:36:27,344:INFO:Compiling Metrics
2022-04-03 13:36:27,350:INFO:Initializing Fold 10
2022-04-03 13:36:27,351:INFO:Total runtime is 0.026578923066457108 minutes
2022-04-03 13:36:27,355:INFO:Fitting Model
2022-04-03 13:36:27,362:INFO:Evaluating Metrics
2022-04-03 13:36:27,362:WARNING:model has no predict_proba attribute. pred_prob set to 0.00
2022-04-03 13:36:27,365:WARNING:model has no predict_proba attribute. AUC set to 0.00
2022-04-03 13:36:27,368:INFO:Compiling Metrics
2022-04-03 13:36:27,374:INFO:Calculating mean and std
2022-04-03 13:36:27,374:INFO:Creating metrics dataframe
2022-04-03 13:36:27,389:INFO:Initializing Ridge Classifier
2022-04-03 13:36:27,397:INFO:Initializing Fold 1
2022-04-03 13:36:27,398:INFO:Total runtime is 0.027360196908315017 minutes
2022-04-03 13:36:27,402:INFO:Fitting Model
2022-04-03 13:36:27,411:INFO:Evaluating Metrics
2022-04-03 13:36:27,412:WARNING:model has no predict_proba attribute. pred_prob set to 0.00
2022-04-03 13:36:27,415:WARNING:model has no predict_proba attribute. AUC set to 0.00
2022-04-03 13:36:27,417:INFO:Compiling Metrics
2022-04-03 13:36:27,424:INFO:Initializing Fold 2
2022-04-03 13:36:27,425:INFO:Total runtime is 0.027808968226114904 minutes
2022-04-03 13:36:27,430:INFO:Fitting Model
2022-04-03 13:36:27,434:INFO:Evaluating Metrics
2022-04-03 13:36:27,434:WARNING:model has no predict_proba attribute. pred_prob set to 0.00
2022-04-03 13:36:27,437:WARNING:model has no predict_proba attribute. AUC set to 0.00
2022-04-03 13:36:27,440:INFO:Compiling Metrics
2022-04-03 13:36:27,445:INFO:Initializing Fold 3
2022-04-03 13:36:27,446:INFO:Total runtime is 0.028158024946848548 minutes
2022-04-03 13:36:27,452:INFO:Fitting Model
2022-04-03 13:36:27,457:INFO:Evaluating Metrics
2022-04-03 13:36:27,457:WARNING:model has no predict_proba attribute. pred_prob set to 0.00
2022-04-03 13:36:27,459:WARNING:model has no predict_proba attribute. AUC set to 0.00
2022-04-03 13:36:27,462:INFO:Compiling Metrics
2022-04-03 13:36:27,469:INFO:Initializing Fold 4
2022-04-03 13:36:27,469:INFO:Total runtime is 0.02854032516479492 minutes
2022-04-03 13:36:27,475:INFO:Fitting Model
2022-04-03 13:36:27,478:INFO:Evaluating Metrics
2022-04-03 13:36:27,478:WARNING:model has no predict_proba attribute. pred_prob set to 0.00
2022-04-03 13:36:27,482:WARNING:model has no predict_proba attribute. AUC set to 0.00
2022-04-03 13:36:27,486:INFO:Compiling Metrics
2022-04-03 13:36:27,492:INFO:Initializing Fold 5
2022-04-03 13:36:27,493:INFO:Total runtime is 0.028939263025919593 minutes
2022-04-03 13:36:27,500:INFO:Fitting Model
2022-04-03 13:36:27,503:INFO:Evaluating Metrics
2022-04-03 13:36:27,503:WARNING:model has no predict_proba attribute. pred_prob set to 0.00
2022-04-03 13:36:27,506:WARNING:model has no predict_proba attribute. AUC set to 0.00
2022-04-03 13:36:27,508:INFO:Compiling Metrics
2022-04-03 13:36:27,514:INFO:Initializing Fold 6
2022-04-03 13:36:27,516:INFO:Total runtime is 0.02932157516479492 minutes
2022-04-03 13:36:27,521:INFO:Fitting Model
2022-04-03 13:36:27,525:INFO:Evaluating Metrics
2022-04-03 13:36:27,525:WARNING:model has no predict_proba attribute. pred_prob set to 0.00
2022-04-03 13:36:27,526:WARNING:model has no predict_proba attribute. AUC set to 0.00
2022-04-03 13:36:27,529:INFO:Compiling Metrics
2022-04-03 13:36:27,536:INFO:Initializing Fold 7
2022-04-03 13:36:27,536:INFO:Total runtime is 0.029654022057851153 minutes
2022-04-03 13:36:27,541:INFO:Fitting Model
2022-04-03 13:36:27,545:INFO:Evaluating Metrics
2022-04-03 13:36:27,545:WARNING:model has no predict_proba attribute. pred_prob set to 0.00
2022-04-03 13:36:27,548:WARNING:model has no predict_proba attribute. AUC set to 0.00
2022-04-03 13:36:27,550:INFO:Compiling Metrics
2022-04-03 13:36:27,556:INFO:Initializing Fold 8
2022-04-03 13:36:27,556:INFO:Total runtime is 0.030003086725870765 minutes
2022-04-03 13:36:27,561:INFO:Fitting Model
2022-04-03 13:36:27,566:INFO:Evaluating Metrics
2022-04-03 13:36:27,566:WARNING:model has no predict_proba attribute. pred_prob set to 0.00
2022-04-03 13:36:27,568:WARNING:model has no predict_proba attribute. AUC set to 0.00
2022-04-03 13:36:27,570:INFO:Compiling Metrics
2022-04-03 13:36:27,576:INFO:Initializing Fold 9
2022-04-03 13:36:27,577:INFO:Total runtime is 0.030352155367533364 minutes
2022-04-03 13:36:27,583:INFO:Fitting Model
2022-04-03 13:36:27,586:INFO:Evaluating Metrics
2022-04-03 13:36:27,586:WARNING:model has no predict_proba attribute. pred_prob set to 0.00
2022-04-03 13:36:27,589:WARNING:model has no predict_proba attribute. AUC set to 0.00
2022-04-03 13:36:27,592:INFO:Compiling Metrics
2022-04-03 13:36:27,598:INFO:Initializing Fold 10
2022-04-03 13:36:27,599:INFO:Total runtime is 0.03071784973144531 minutes
2022-04-03 13:36:27,604:INFO:Fitting Model
2022-04-03 13:36:27,609:INFO:Evaluating Metrics
2022-04-03 13:36:27,609:WARNING:model has no predict_proba attribute. pred_prob set to 0.00
2022-04-03 13:36:27,611:WARNING:model has no predict_proba attribute. AUC set to 0.00
2022-04-03 13:36:27,614:INFO:Compiling Metrics
2022-04-03 13:36:27,619:INFO:Calculating mean and std
2022-04-03 13:36:27,620:INFO:Creating metrics dataframe
2022-04-03 13:36:27,632:INFO:Initializing Random Forest Classifier
2022-04-03 13:36:27,638:INFO:Initializing Fold 1
2022-04-03 13:36:27,640:INFO:Total runtime is 0.031399393081665034 minutes
2022-04-03 13:36:27,645:INFO:Fitting Model
2022-04-03 13:36:27,674:INFO:Evaluating Metrics
2022-04-03 13:36:27,698:INFO:Compiling Metrics
2022-04-03 13:36:27,706:INFO:Initializing Fold 2
2022-04-03 13:36:27,707:INFO:Total runtime is 0.03251304229100545 minutes
2022-04-03 13:36:27,711:INFO:Fitting Model
2022-04-03 13:36:27,741:INFO:Evaluating Metrics
2022-04-03 13:36:27,765:INFO:Compiling Metrics
2022-04-03 13:36:27,770:INFO:Initializing Fold 3
2022-04-03 13:36:27,771:INFO:Total runtime is 0.03357688585917155 minutes
2022-04-03 13:36:27,777:INFO:Fitting Model
2022-04-03 13:36:27,806:INFO:Evaluating Metrics
2022-04-03 13:36:27,827:INFO:Compiling Metrics
2022-04-03 13:36:27,834:INFO:Initializing Fold 4
2022-04-03 13:36:27,835:INFO:Total runtime is 0.034640705585479735 minutes
2022-04-03 13:36:27,843:INFO:Fitting Model
2022-04-03 13:36:27,875:INFO:Evaluating Metrics
2022-04-03 13:36:27,898:INFO:Compiling Metrics
2022-04-03 13:36:27,904:INFO:Initializing Fold 5
2022-04-03 13:36:27,905:INFO:Total runtime is 0.03580432732899984 minutes
2022-04-03 13:36:27,912:INFO:Fitting Model
2022-04-03 13:36:27,939:INFO:Evaluating Metrics
2022-04-03 13:36:27,959:INFO:Compiling Metrics
2022-04-03 13:36:27,966:INFO:Initializing Fold 6
2022-04-03 13:36:27,967:INFO:Total runtime is 0.036851465702056885 minutes
2022-04-03 13:36:27,973:INFO:Fitting Model
2022-04-03 13:36:28,000:INFO:Evaluating Metrics
2022-04-03 13:36:28,020:INFO:Compiling Metrics
2022-04-03 13:36:28,026:INFO:Initializing Fold 7
2022-04-03 13:36:28,027:INFO:Total runtime is 0.03784877856572469 minutes
2022-04-03 13:36:28,033:INFO:Fitting Model
2022-04-03 13:36:28,060:INFO:Evaluating Metrics
2022-04-03 13:36:28,082:INFO:Compiling Metrics
2022-04-03 13:36:28,086:INFO:Initializing Fold 8
2022-04-03 13:36:28,087:INFO:Total runtime is 0.03884610335032145 minutes
2022-04-03 13:36:28,093:INFO:Fitting Model
2022-04-03 13:36:28,116:INFO:Evaluating Metrics
2022-04-03 13:36:28,134:INFO:Compiling Metrics
2022-04-03 13:36:28,140:INFO:Initializing Fold 9
2022-04-03 13:36:28,141:INFO:Total runtime is 0.039743705590566 minutes
2022-04-03 13:36:28,145:INFO:Fitting Model
2022-04-03 13:36:28,169:INFO:Evaluating Metrics
2022-04-03 13:36:28,187:INFO:Compiling Metrics
2022-04-03 13:36:28,193:INFO:Initializing Fold 10
2022-04-03 13:36:28,193:INFO:Total runtime is 0.04060805241266887 minutes
2022-04-03 13:36:28,197:INFO:Fitting Model
2022-04-03 13:36:28,223:INFO:Evaluating Metrics
2022-04-03 13:36:28,248:INFO:Compiling Metrics
2022-04-03 13:36:28,254:INFO:Calculating mean and std
2022-04-03 13:36:28,255:INFO:Creating metrics dataframe
2022-04-03 13:36:28,267:INFO:Initializing Quadratic Discriminant Analysis
2022-04-03 13:36:28,272:INFO:Initializing Fold 1
2022-04-03 13:36:28,272:INFO:Total runtime is 0.041921230157216396 minutes
2022-04-03 13:36:28,278:INFO:Fitting Model
2022-04-03 13:36:28,282:INFO:Evaluating Metrics
2022-04-03 13:36:28,287:INFO:Compiling Metrics
2022-04-03 13:36:28,292:INFO:Initializing Fold 2
2022-04-03 13:36:28,293:INFO:Total runtime is 0.0422869086265564 minutes
2022-04-03 13:36:28,297:INFO:Fitting Model
2022-04-03 13:36:28,299:INFO:Evaluating Metrics
2022-04-03 13:36:28,306:INFO:Compiling Metrics
2022-04-03 13:36:28,312:INFO:Initializing Fold 3
2022-04-03 13:36:28,312:INFO:Total runtime is 0.042602729797363285 minutes
2022-04-03 13:36:28,317:INFO:Fitting Model
2022-04-03 13:36:28,319:INFO:Evaluating Metrics
2022-04-03 13:36:28,325:INFO:Compiling Metrics
2022-04-03 13:36:28,332:INFO:Initializing Fold 4
2022-04-03 13:36:28,333:INFO:Total runtime is 0.042951818307240805 minutes
2022-04-03 13:36:28,339:INFO:Fitting Model
2022-04-03 13:36:28,341:INFO:Evaluating Metrics
2022-04-03 13:36:28,350:INFO:Compiling Metrics
2022-04-03 13:36:28,356:INFO:Initializing Fold 5
2022-04-03 13:36:28,357:INFO:Total runtime is 0.04335073232650757 minutes
2022-04-03 13:36:28,362:INFO:Fitting Model
2022-04-03 13:36:28,364:INFO:Evaluating Metrics
2022-04-03 13:36:28,371:INFO:Compiling Metrics
2022-04-03 13:36:28,377:INFO:Initializing Fold 6
2022-04-03 13:36:28,378:INFO:Total runtime is 0.043699800968170166 minutes
2022-04-03 13:36:28,383:INFO:Fitting Model
2022-04-03 13:36:28,386:INFO:Evaluating Metrics
2022-04-03 13:36:28,393:INFO:Compiling Metrics
2022-04-03 13:36:28,399:INFO:Initializing Fold 7
2022-04-03 13:36:28,399:INFO:Total runtime is 0.044048857688903806 minutes
2022-04-03 13:36:28,405:INFO:Fitting Model
2022-04-03 13:36:28,408:INFO:Evaluating Metrics
2022-04-03 13:36:28,414:INFO:Compiling Metrics
2022-04-03 13:36:28,420:INFO:Initializing Fold 8
2022-04-03 13:36:28,421:INFO:Total runtime is 0.04441456794738769 minutes
2022-04-03 13:36:28,426:INFO:Fitting Model
2022-04-03 13:36:28,428:INFO:Evaluating Metrics
2022-04-03 13:36:28,435:INFO:Compiling Metrics
2022-04-03 13:36:28,442:INFO:Initializing Fold 9
2022-04-03 13:36:28,442:INFO:Total runtime is 0.04476362864176432 minutes
2022-04-03 13:36:28,447:INFO:Fitting Model
2022-04-03 13:36:28,449:INFO:Evaluating Metrics
2022-04-03 13:36:28,456:INFO:Compiling Metrics
2022-04-03 13:36:28,461:INFO:Initializing Fold 10
2022-04-03 13:36:28,462:INFO:Total runtime is 0.04509605566660563 minutes
2022-04-03 13:36:28,468:INFO:Fitting Model
2022-04-03 13:36:28,470:INFO:Evaluating Metrics
2022-04-03 13:36:28,476:INFO:Compiling Metrics
2022-04-03 13:36:28,483:INFO:Calculating mean and std
2022-04-03 13:36:28,484:INFO:Creating metrics dataframe
2022-04-03 13:36:28,494:INFO:Initializing Ada Boost Classifier
2022-04-03 13:36:28,501:INFO:Initializing Fold 1
2022-04-03 13:36:28,501:INFO:Total runtime is 0.04574433167775472 minutes
2022-04-03 13:36:28,506:INFO:Fitting Model
2022-04-03 13:36:28,622:INFO:Evaluating Metrics
2022-04-03 13:36:28,641:INFO:Compiling Metrics
2022-04-03 13:36:28,646:INFO:Initializing Fold 2
2022-04-03 13:36:28,647:INFO:Total runtime is 0.04817117849985758 minutes
2022-04-03 13:36:28,651:INFO:Fitting Model
2022-04-03 13:36:28,747:INFO:Evaluating Metrics
2022-04-03 13:36:28,766:INFO:Compiling Metrics
2022-04-03 13:36:28,771:INFO:Initializing Fold 3
2022-04-03 13:36:28,771:INFO:Total runtime is 0.05024894475936889 minutes
2022-04-03 13:36:28,776:INFO:Fitting Model
2022-04-03 13:36:28,865:INFO:Evaluating Metrics
2022-04-03 13:36:28,886:INFO:Compiling Metrics
2022-04-03 13:36:28,890:INFO:Initializing Fold 4
2022-04-03 13:36:28,891:INFO:Total runtime is 0.05224360624949137 minutes
2022-04-03 13:36:28,895:INFO:Fitting Model
2022-04-03 13:36:28,991:INFO:Evaluating Metrics
2022-04-03 13:36:29,009:INFO:Compiling Metrics
2022-04-03 13:36:29,014:INFO:Initializing Fold 5
2022-04-03 13:36:29,015:INFO:Total runtime is 0.054314525922139485 minutes
2022-04-03 13:36:29,019:INFO:Fitting Model
2022-04-03 13:36:29,109:INFO:Evaluating Metrics
2022-04-03 13:36:29,127:INFO:Compiling Metrics
2022-04-03 13:36:29,132:INFO:Initializing Fold 6
2022-04-03 13:36:29,132:INFO:Total runtime is 0.056259310245513915 minutes
2022-04-03 13:36:29,136:INFO:Fitting Model
2022-04-03 13:36:29,234:INFO:Evaluating Metrics
2022-04-03 13:36:29,254:INFO:Compiling Metrics
2022-04-03 13:36:29,258:INFO:Initializing Fold 7
2022-04-03 13:36:29,259:INFO:Total runtime is 0.058386953671773274 minutes
2022-04-03 13:36:29,263:INFO:Fitting Model
2022-04-03 13:36:29,354:INFO:Evaluating Metrics
2022-04-03 13:36:29,374:INFO:Compiling Metrics
2022-04-03 13:36:29,379:INFO:Initializing Fold 8
2022-04-03 13:36:29,379:INFO:Total runtime is 0.06038163105646769 minutes
2022-04-03 13:36:29,383:INFO:Fitting Model
2022-04-03 13:36:29,483:INFO:Evaluating Metrics
2022-04-03 13:36:29,504:INFO:Compiling Metrics
2022-04-03 13:36:29,509:INFO:Initializing Fold 9
2022-04-03 13:36:29,510:INFO:Total runtime is 0.06255913972854614 minutes
2022-04-03 13:36:29,515:INFO:Fitting Model
2022-04-03 13:36:29,630:INFO:Evaluating Metrics
2022-04-03 13:36:29,651:INFO:Compiling Metrics
2022-04-03 13:36:29,656:INFO:Initializing Fold 10
2022-04-03 13:36:29,657:INFO:Total runtime is 0.06501923402150472 minutes
2022-04-03 13:36:29,662:INFO:Fitting Model
2022-04-03 13:36:29,757:INFO:Evaluating Metrics
2022-04-03 13:36:29,775:INFO:Compiling Metrics
2022-04-03 13:36:29,780:INFO:Calculating mean and std
2022-04-03 13:36:29,780:INFO:Creating metrics dataframe
2022-04-03 13:36:29,789:INFO:Initializing Gradient Boosting Classifier
2022-04-03 13:36:29,796:INFO:Initializing Fold 1
2022-04-03 13:36:29,796:INFO:Total runtime is 0.06732246478398642 minutes
2022-04-03 13:36:29,801:INFO:Fitting Model
2022-04-03 13:36:29,995:INFO:Evaluating Metrics
2022-04-03 13:36:30,001:INFO:Compiling Metrics
2022-04-03 13:36:30,006:INFO:Initializing Fold 2
2022-04-03 13:36:30,007:INFO:Total runtime is 0.0708463708559672 minutes
2022-04-03 13:36:30,012:INFO:Fitting Model
2022-04-03 13:36:30,205:INFO:Evaluating Metrics
2022-04-03 13:36:30,211:INFO:Compiling Metrics
2022-04-03 13:36:30,214:INFO:Initializing Fold 3
2022-04-03 13:36:30,215:INFO:Total runtime is 0.07432040770848593 minutes
2022-04-03 13:36:30,220:INFO:Fitting Model
2022-04-03 13:36:30,403:INFO:Evaluating Metrics
2022-04-03 13:36:30,410:INFO:Compiling Metrics
2022-04-03 13:36:30,414:INFO:Initializing Fold 4
2022-04-03 13:36:30,415:INFO:Total runtime is 0.07763744592666627 minutes
2022-04-03 13:36:30,419:INFO:Fitting Model
2022-04-03 13:36:30,602:INFO:Evaluating Metrics
2022-04-03 13:36:30,608:INFO:Compiling Metrics
2022-04-03 13:36:30,613:INFO:Initializing Fold 5
2022-04-03 13:36:30,613:INFO:Total runtime is 0.0809452772140503 minutes
2022-04-03 13:36:30,617:INFO:Fitting Model
2022-04-03 13:36:30,809:INFO:Evaluating Metrics
2022-04-03 13:36:30,815:INFO:Compiling Metrics
2022-04-03 13:36:30,820:INFO:Initializing Fold 6
2022-04-03 13:36:30,821:INFO:Total runtime is 0.08441931406656902 minutes
2022-04-03 13:36:30,825:INFO:Fitting Model
2022-04-03 13:36:31,009:INFO:Evaluating Metrics
2022-04-03 13:36:31,015:INFO:Compiling Metrics
2022-04-03 13:36:31,020:INFO:Initializing Fold 7
2022-04-03 13:36:31,020:INFO:Total runtime is 0.08772712945938112 minutes
2022-04-03 13:36:31,025:INFO:Fitting Model
2022-04-03 13:36:31,223:INFO:Evaluating Metrics
2022-04-03 13:36:31,230:INFO:Compiling Metrics
2022-04-03 13:36:31,234:INFO:Initializing Fold 8
2022-04-03 13:36:31,235:INFO:Total runtime is 0.09131753047307334 minutes
2022-04-03 13:36:31,241:INFO:Fitting Model
2022-04-03 13:36:31,433:INFO:Evaluating Metrics
2022-04-03 13:36:31,440:INFO:Compiling Metrics
2022-04-03 13:36:31,444:INFO:Initializing Fold 9
2022-04-03 13:36:31,444:INFO:Total runtime is 0.09479156732559206 minutes
2022-04-03 13:36:31,450:INFO:Fitting Model
2022-04-03 13:36:31,642:INFO:Evaluating Metrics
2022-04-03 13:36:31,648:INFO:Compiling Metrics
2022-04-03 13:36:31,652:INFO:Initializing Fold 10
2022-04-03 13:36:31,653:INFO:Total runtime is 0.09828223387400312 minutes
2022-04-03 13:36:31,658:INFO:Fitting Model
2022-04-03 13:36:31,858:INFO:Evaluating Metrics
2022-04-03 13:36:31,863:INFO:Compiling Metrics
2022-04-03 13:36:31,867:INFO:Calculating mean and std
2022-04-03 13:36:31,868:INFO:Creating metrics dataframe
2022-04-03 13:36:31,877:INFO:Initializing Linear Discriminant Analysis
2022-04-03 13:36:31,882:INFO:Initializing Fold 1
2022-04-03 13:36:31,883:INFO:Total runtime is 0.10210535526275637 minutes
2022-04-03 13:36:31,888:INFO:Fitting Model
2022-04-03 13:36:31,895:INFO:Evaluating Metrics
2022-04-03 13:36:31,901:INFO:Compiling Metrics
2022-04-03 13:36:31,906:INFO:Initializing Fold 2
2022-04-03 13:36:31,907:INFO:Total runtime is 0.10250428915023806 minutes
2022-04-03 13:36:31,912:INFO:Fitting Model
2022-04-03 13:36:31,915:INFO:Evaluating Metrics
2022-04-03 13:36:31,920:INFO:Compiling Metrics
2022-04-03 13:36:31,925:INFO:Initializing Fold 3
2022-04-03 13:36:31,925:INFO:Total runtime is 0.10282010634740196 minutes
2022-04-03 13:36:31,930:INFO:Fitting Model
2022-04-03 13:36:31,933:INFO:Evaluating Metrics
2022-04-03 13:36:31,939:INFO:Compiling Metrics
2022-04-03 13:36:31,943:INFO:Initializing Fold 4
2022-04-03 13:36:31,943:INFO:Total runtime is 0.10311930576960249 minutes
2022-04-03 13:36:31,948:INFO:Fitting Model
2022-04-03 13:36:31,951:INFO:Evaluating Metrics
2022-04-03 13:36:31,957:INFO:Compiling Metrics
2022-04-03 13:36:31,961:INFO:Initializing Fold 5
2022-04-03 13:36:31,962:INFO:Total runtime is 0.10343513488769535 minutes
2022-04-03 13:36:31,967:INFO:Fitting Model
2022-04-03 13:36:31,970:INFO:Evaluating Metrics
2022-04-03 13:36:31,976:INFO:Compiling Metrics
2022-04-03 13:36:31,981:INFO:Initializing Fold 6
2022-04-03 13:36:31,981:INFO:Total runtime is 0.10375096003214522 minutes
2022-04-03 13:36:31,985:INFO:Fitting Model
2022-04-03 13:36:31,989:INFO:Evaluating Metrics
2022-04-03 13:36:31,994:INFO:Compiling Metrics
2022-04-03 13:36:31,999:INFO:Initializing Fold 7
2022-04-03 13:36:32,000:INFO:Total runtime is 0.10406677325566613 minutes
2022-04-03 13:36:32,004:INFO:Fitting Model
2022-04-03 13:36:32,008:INFO:Evaluating Metrics
2022-04-03 13:36:32,014:INFO:Compiling Metrics
2022-04-03 13:36:32,018:INFO:Initializing Fold 8
2022-04-03 13:36:32,019:INFO:Total runtime is 0.10438259045283003 minutes
2022-04-03 13:36:32,023:INFO:Fitting Model
2022-04-03 13:36:32,027:INFO:Evaluating Metrics
2022-04-03 13:36:32,033:INFO:Compiling Metrics
2022-04-03 13:36:32,037:INFO:Initializing Fold 9
2022-04-03 13:36:32,038:INFO:Total runtime is 0.10469841559727991 minutes
2022-04-03 13:36:32,042:INFO:Fitting Model
2022-04-03 13:36:32,046:INFO:Evaluating Metrics
2022-04-03 13:36:32,051:INFO:Compiling Metrics
2022-04-03 13:36:32,056:INFO:Initializing Fold 10
2022-04-03 13:36:32,057:INFO:Total runtime is 0.1050142367680868 minutes
2022-04-03 13:36:32,061:INFO:Fitting Model
2022-04-03 13:36:32,065:INFO:Evaluating Metrics
2022-04-03 13:36:32,071:INFO:Compiling Metrics
2022-04-03 13:36:32,076:INFO:Calculating mean and std
2022-04-03 13:36:32,076:INFO:Creating metrics dataframe
2022-04-03 13:36:32,088:INFO:Initializing Extra Trees Classifier
2022-04-03 13:36:32,095:INFO:Initializing Fold 1
2022-04-03 13:36:32,096:INFO:Total runtime is 0.10566255251566574 minutes
2022-04-03 13:36:32,101:INFO:Fitting Model
2022-04-03 13:36:32,253:INFO:Evaluating Metrics
2022-04-03 13:36:32,305:INFO:Compiling Metrics
2022-04-03 13:36:32,311:INFO:Initializing Fold 2
2022-04-03 13:36:32,311:INFO:Total runtime is 0.10925290187199915 minutes
2022-04-03 13:36:32,317:INFO:Fitting Model
2022-04-03 13:36:32,458:INFO:Evaluating Metrics
2022-04-03 13:36:32,501:INFO:Compiling Metrics
2022-04-03 13:36:32,506:INFO:Initializing Fold 3
2022-04-03 13:36:32,506:INFO:Total runtime is 0.11249423424402878 minutes
2022-04-03 13:36:32,511:INFO:Fitting Model
2022-04-03 13:36:32,641:INFO:Evaluating Metrics
2022-04-03 13:36:32,681:INFO:Compiling Metrics
2022-04-03 13:36:32,685:INFO:Initializing Fold 4
2022-04-03 13:36:32,686:INFO:Total runtime is 0.11550285816192632 minutes
2022-04-03 13:36:32,690:INFO:Fitting Model
2022-04-03 13:36:32,822:INFO:Evaluating Metrics
2022-04-03 13:36:32,864:INFO:Compiling Metrics
2022-04-03 13:36:32,869:INFO:Initializing Fold 5
2022-04-03 13:36:32,869:INFO:Total runtime is 0.1185447216033936 minutes
2022-04-03 13:36:32,873:INFO:Fitting Model
2022-04-03 13:36:33,001:INFO:Evaluating Metrics
2022-04-03 13:36:33,042:INFO:Compiling Metrics
2022-04-03 13:36:33,047:INFO:Initializing Fold 6
2022-04-03 13:36:33,047:INFO:Total runtime is 0.12152009805043544 minutes
2022-04-03 13:36:33,052:INFO:Fitting Model
2022-04-03 13:36:33,185:INFO:Evaluating Metrics
2022-04-03 13:36:33,226:INFO:Compiling Metrics
2022-04-03 13:36:33,230:INFO:Initializing Fold 7
2022-04-03 13:36:33,231:INFO:Total runtime is 0.124578607082367 minutes
2022-04-03 13:36:33,235:INFO:Fitting Model
2022-04-03 13:36:33,366:INFO:Evaluating Metrics
2022-04-03 13:36:33,408:INFO:Compiling Metrics
2022-04-03 13:36:33,412:INFO:Initializing Fold 8
2022-04-03 13:36:33,413:INFO:Total runtime is 0.12762045462926233 minutes
2022-04-03 13:36:33,417:INFO:Fitting Model
2022-04-03 13:36:33,547:INFO:Evaluating Metrics
2022-04-03 13:36:33,590:INFO:Compiling Metrics
2022-04-03 13:36:33,595:INFO:Initializing Fold 9
2022-04-03 13:36:33,595:INFO:Total runtime is 0.13064569632212325 minutes
2022-04-03 13:36:33,600:INFO:Fitting Model
2022-04-03 13:36:33,732:INFO:Evaluating Metrics
2022-04-03 13:36:33,773:INFO:Compiling Metrics
2022-04-03 13:36:33,778:INFO:Initializing Fold 10
2022-04-03 13:36:33,778:INFO:Total runtime is 0.13368756373723353 minutes
2022-04-03 13:36:33,783:INFO:Fitting Model
2022-04-03 13:36:33,914:INFO:Evaluating Metrics
2022-04-03 13:36:33,956:INFO:Compiling Metrics
2022-04-03 13:36:33,961:INFO:Calculating mean and std
2022-04-03 13:36:33,961:INFO:Creating metrics dataframe
2022-04-03 13:36:33,971:INFO:Initializing Extreme Gradient Boosting
2022-04-03 13:36:33,976:INFO:Initializing Fold 1
2022-04-03 13:36:33,976:INFO:Total runtime is 0.13699539105097458 minutes
2022-04-03 13:36:33,981:INFO:Fitting Model
2022-04-03 13:36:34,184:INFO:Evaluating Metrics
2022-04-03 13:36:34,207:INFO:Compiling Metrics
2022-04-03 13:36:34,219:INFO:Initializing Fold 2
2022-04-03 13:36:34,220:INFO:Total runtime is 0.1410678346951803 minutes
2022-04-03 13:36:34,229:INFO:Fitting Model
2022-04-03 13:36:34,406:INFO:Evaluating Metrics
2022-04-03 13:36:34,434:INFO:Compiling Metrics
2022-04-03 13:36:34,446:INFO:Initializing Fold 3
2022-04-03 13:36:34,447:INFO:Total runtime is 0.14484109083811447 minutes
2022-04-03 13:36:34,455:INFO:Fitting Model
2022-04-03 13:36:34,630:INFO:Evaluating Metrics
2022-04-03 13:36:34,654:INFO:Compiling Metrics
2022-04-03 13:36:34,665:INFO:Initializing Fold 4
2022-04-03 13:36:34,666:INFO:Total runtime is 0.1484979669253032 minutes
2022-04-03 13:36:34,676:INFO:Fitting Model
2022-04-03 13:36:34,851:INFO:Evaluating Metrics
2022-04-03 13:36:34,875:INFO:Compiling Metrics
2022-04-03 13:36:34,887:INFO:Initializing Fold 5
2022-04-03 13:36:34,888:INFO:Total runtime is 0.1521979451179505 minutes
2022-04-03 13:36:34,897:INFO:Fitting Model
2022-04-03 13:36:35,067:INFO:Evaluating Metrics
2022-04-03 13:36:35,091:INFO:Compiling Metrics
2022-04-03 13:36:35,103:INFO:Initializing Fold 6
2022-04-03 13:36:35,104:INFO:Total runtime is 0.15578834215799975 minutes
2022-04-03 13:36:35,113:INFO:Fitting Model
2022-04-03 13:36:35,283:INFO:Evaluating Metrics
2022-04-03 13:36:35,307:INFO:Compiling Metrics
2022-04-03 13:36:35,319:INFO:Initializing Fold 7
2022-04-03 13:36:35,320:INFO:Total runtime is 0.15939536492029832 minutes
2022-04-03 13:36:35,329:INFO:Fitting Model
2022-04-03 13:36:35,502:INFO:Evaluating Metrics
2022-04-03 13:36:35,523:INFO:Compiling Metrics
2022-04-03 13:36:35,535:INFO:Initializing Fold 8
2022-04-03 13:36:35,535:INFO:Total runtime is 0.16298576593399053 minutes
2022-04-03 13:36:35,546:INFO:Fitting Model
2022-04-03 13:36:35,740:INFO:Evaluating Metrics
2022-04-03 13:36:35,763:INFO:Compiling Metrics
2022-04-03 13:36:35,775:INFO:Initializing Fold 9
2022-04-03 13:36:35,776:INFO:Total runtime is 0.16699171463648482 minutes
2022-04-03 13:36:35,784:INFO:Fitting Model
2022-04-03 13:36:35,954:INFO:Evaluating Metrics
2022-04-03 13:36:35,978:INFO:Compiling Metrics
2022-04-03 13:36:35,990:INFO:Initializing Fold 10
2022-04-03 13:36:35,991:INFO:Total runtime is 0.1705821037292481 minutes
2022-04-03 13:36:36,000:INFO:Fitting Model
2022-04-03 13:36:36,175:INFO:Evaluating Metrics
2022-04-03 13:36:36,199:INFO:Compiling Metrics
2022-04-03 13:36:36,210:INFO:Calculating mean and std
2022-04-03 13:36:36,211:INFO:Creating metrics dataframe
2022-04-03 13:36:36,236:INFO:Initializing Light Gradient Boosting Machine
2022-04-03 13:36:36,247:INFO:Initializing Fold 1
2022-04-03 13:36:36,248:INFO:Total runtime is 0.1748540321985881 minutes
2022-04-03 13:36:36,255:INFO:Fitting Model
2022-04-03 13:36:36,384:INFO:Evaluating Metrics
2022-04-03 13:36:36,396:INFO:Compiling Metrics
2022-04-03 13:36:36,408:INFO:Initializing Fold 2
2022-04-03 13:36:36,409:INFO:Total runtime is 0.17754681905110684 minutes
2022-04-03 13:36:36,417:INFO:Fitting Model
2022-04-03 13:36:36,531:INFO:Evaluating Metrics
2022-04-03 13:36:36,545:INFO:Compiling Metrics
2022-04-03 13:36:36,557:INFO:Initializing Fold 3
2022-04-03 13:36:36,558:INFO:Total runtime is 0.18002353509267177 minutes
2022-04-03 13:36:36,567:INFO:Fitting Model
2022-04-03 13:36:36,659:INFO:Evaluating Metrics
2022-04-03 13:36:36,671:INFO:Compiling Metrics
2022-04-03 13:36:36,683:INFO:Initializing Fold 4
2022-04-03 13:36:36,684:INFO:Total runtime is 0.18213455279668178 minutes
2022-04-03 13:36:36,693:INFO:Fitting Model
2022-04-03 13:36:36,798:INFO:Evaluating Metrics
2022-04-03 13:36:36,810:INFO:Compiling Metrics
2022-04-03 13:36:36,822:INFO:Initializing Fold 5
2022-04-03 13:36:36,823:INFO:Total runtime is 0.18444504340489712 minutes
2022-04-03 13:36:36,833:INFO:Fitting Model
2022-04-03 13:36:36,931:INFO:Evaluating Metrics
2022-04-03 13:36:36,943:INFO:Compiling Metrics
2022-04-03 13:36:36,955:INFO:Initializing Fold 6
2022-04-03 13:36:36,956:INFO:Total runtime is 0.1866557995478313 minutes
2022-04-03 13:36:36,964:INFO:Fitting Model
2022-04-03 13:36:37,059:INFO:Evaluating Metrics
2022-04-03 13:36:37,071:INFO:Compiling Metrics
2022-04-03 13:36:37,083:INFO:Initializing Fold 7
2022-04-03 13:36:37,084:INFO:Total runtime is 0.188800064722697 minutes
2022-04-03 13:36:37,093:INFO:Fitting Model
2022-04-03 13:36:37,208:INFO:Evaluating Metrics
2022-04-03 13:36:37,222:INFO:Compiling Metrics
2022-04-03 13:36:37,234:INFO:Initializing Fold 8
2022-04-03 13:36:37,236:INFO:Total runtime is 0.19132663408915207 minutes
2022-04-03 13:36:37,247:INFO:Fitting Model
2022-04-03 13:36:37,359:INFO:Evaluating Metrics
2022-04-03 13:36:37,371:INFO:Compiling Metrics
2022-04-03 13:36:37,384:INFO:Initializing Fold 9
2022-04-03 13:36:37,385:INFO:Total runtime is 0.1938199679056804 minutes
2022-04-03 13:36:37,396:INFO:Fitting Model
2022-04-03 13:36:37,518:INFO:Evaluating Metrics
2022-04-03 13:36:37,531:INFO:Compiling Metrics
2022-04-03 13:36:37,544:INFO:Initializing Fold 10
2022-04-03 13:36:37,545:INFO:Total runtime is 0.19647955497105923 minutes
2022-04-03 13:36:37,556:INFO:Fitting Model
2022-04-03 13:36:37,658:INFO:Evaluating Metrics
2022-04-03 13:36:37,670:INFO:Compiling Metrics
2022-04-03 13:36:37,683:INFO:Calculating mean and std
2022-04-03 13:36:37,684:INFO:Creating metrics dataframe
2022-04-03 13:36:37,711:INFO:Initializing CatBoost Classifier
2022-04-03 13:36:37,725:INFO:Initializing Fold 1
2022-04-03 13:36:37,726:INFO:Total runtime is 0.19948816696802782 minutes
2022-04-03 13:36:37,735:INFO:Fitting Model
2022-04-03 13:36:39,871:INFO:Evaluating Metrics
2022-04-03 13:36:39,877:INFO:Compiling Metrics
2022-04-03 13:36:39,883:INFO:Initializing Fold 2
2022-04-03 13:36:39,883:INFO:Total runtime is 0.23544389804204313 minutes
2022-04-03 13:36:39,888:INFO:Fitting Model
2022-04-03 13:36:41,881:INFO:Evaluating Metrics
2022-04-03 13:36:41,887:INFO:Compiling Metrics
2022-04-03 13:36:41,892:INFO:Initializing Fold 3
2022-04-03 13:36:41,893:INFO:Total runtime is 0.26894749402999885 minutes
2022-04-03 13:36:41,899:INFO:Fitting Model
2022-04-03 13:36:43,952:INFO:Evaluating Metrics
2022-04-03 13:36:43,960:INFO:Compiling Metrics
2022-04-03 13:36:43,966:INFO:Initializing Fold 4
2022-04-03 13:36:43,966:INFO:Total runtime is 0.3034884651501974 minutes
2022-04-03 13:36:43,972:INFO:Fitting Model
2022-04-03 13:36:45,979:INFO:Evaluating Metrics
2022-04-03 13:36:45,985:INFO:Compiling Metrics
2022-04-03 13:36:45,990:INFO:Initializing Fold 5
2022-04-03 13:36:45,991:INFO:Total runtime is 0.33724253177642827 minutes
2022-04-03 13:36:45,996:INFO:Fitting Model
2022-04-03 13:36:48,021:INFO:Evaluating Metrics
2022-04-03 13:36:48,027:INFO:Compiling Metrics
2022-04-03 13:36:48,033:INFO:Initializing Fold 6
2022-04-03 13:36:48,033:INFO:Total runtime is 0.3712846080462138 minutes
2022-04-03 13:36:48,038:INFO:Fitting Model
2022-04-03 13:36:50,150:INFO:Evaluating Metrics
2022-04-03 13:36:50,156:INFO:Compiling Metrics
2022-04-03 13:36:50,161:INFO:Initializing Fold 7
2022-04-03 13:36:50,162:INFO:Total runtime is 0.40676508744557704 minutes
2022-04-03 13:36:50,166:INFO:Fitting Model
2022-04-03 13:36:52,375:INFO:Evaluating Metrics
2022-04-03 13:36:52,381:INFO:Compiling Metrics
2022-04-03 13:36:52,386:INFO:Initializing Fold 8
2022-04-03 13:36:52,387:INFO:Total runtime is 0.44383811155955 minutes
2022-04-03 13:36:52,391:INFO:Fitting Model
2022-04-03 13:36:54,526:INFO:Evaluating Metrics
2022-04-03 13:36:54,533:INFO:Compiling Metrics
2022-04-03 13:36:54,539:INFO:Initializing Fold 9
2022-04-03 13:36:54,539:INFO:Total runtime is 0.4797088424364726 minutes
2022-04-03 13:36:54,545:INFO:Fitting Model
2022-04-03 13:36:56,771:INFO:Evaluating Metrics
2022-04-03 13:36:56,777:INFO:Compiling Metrics
2022-04-03 13:36:56,781:INFO:Initializing Fold 10
2022-04-03 13:36:56,782:INFO:Total runtime is 0.5171024243036906 minutes
2022-04-03 13:36:56,787:INFO:Fitting Model
2022-04-03 13:36:58,942:INFO:Evaluating Metrics
2022-04-03 13:36:58,949:INFO:Compiling Metrics
2022-04-03 13:36:58,954:INFO:Calculating mean and std
2022-04-03 13:36:58,955:INFO:Creating metrics dataframe
2022-04-03 13:36:58,996:INFO:Finalizing top_n models
2022-04-03 13:36:58,996:INFO:SubProcess create_model() called ==================================
2022-04-03 13:36:59,002:INFO:Initializing create_model()
2022-04-03 13:36:59,002:INFO:create_model(estimator=et, ensemble=False, method=None, fold=10, round=4, cross_validation=True, verbose=False, system=False)
2022-04-03 13:36:59,002:INFO:Checking exceptions
2022-04-03 13:36:59,002:INFO:Preloading libraries
2022-04-03 13:36:59,002:INFO:Preparing display monitor
2022-04-03 13:36:59,010:INFO:Copying training dataset
2022-04-03 13:36:59,010:INFO:Importing libraries
2022-04-03 13:36:59,011:INFO:Defining folds
2022-04-03 13:36:59,011:INFO:Declaring metric variables
2022-04-03 13:36:59,012:INFO:Importing untrained model
2022-04-03 13:36:59,012:INFO:Extra Trees Classifier Imported succesfully
2022-04-03 13:36:59,013:INFO:Checking ensemble method
2022-04-03 13:36:59,015:INFO:Initializing Fold 1
2022-04-03 13:36:59,015:INFO:Fitting Model
2022-04-03 13:36:59,160:INFO:Evaluating Metrics
2022-04-03 13:36:59,295:INFO:Compiling Metrics
2022-04-03 13:36:59,299:INFO:Initializing Fold 2
2022-04-03 13:36:59,300:INFO:Fitting Model
2022-04-03 13:36:59,446:INFO:Evaluating Metrics
2022-04-03 13:36:59,493:INFO:Compiling Metrics
2022-04-03 13:36:59,497:INFO:Initializing Fold 3
2022-04-03 13:36:59,498:INFO:Fitting Model
2022-04-03 13:36:59,629:INFO:Evaluating Metrics
2022-04-03 13:36:59,676:INFO:Compiling Metrics
2022-04-03 13:36:59,680:INFO:Initializing Fold 4
2022-04-03 13:36:59,681:INFO:Fitting Model
2022-04-03 13:36:59,812:INFO:Evaluating Metrics
2022-04-03 13:36:59,858:INFO:Compiling Metrics
2022-04-03 13:36:59,863:INFO:Initializing Fold 5
2022-04-03 13:36:59,863:INFO:Fitting Model
2022-04-03 13:36:59,996:INFO:Evaluating Metrics
2022-04-03 13:37:00,045:INFO:Compiling Metrics
2022-04-03 13:37:00,049:INFO:Initializing Fold 6
2022-04-03 13:37:00,050:INFO:Fitting Model
2022-04-03 13:37:00,183:INFO:Evaluating Metrics
2022-04-03 13:37:00,230:INFO:Compiling Metrics
2022-04-03 13:37:00,235:INFO:Initializing Fold 7
2022-04-03 13:37:00,236:INFO:Fitting Model
2022-04-03 13:37:00,385:INFO:Evaluating Metrics
2022-04-03 13:37:00,444:INFO:Compiling Metrics
2022-04-03 13:37:00,448:INFO:Initializing Fold 8
2022-04-03 13:37:00,449:INFO:Fitting Model
2022-04-03 13:37:00,596:INFO:Evaluating Metrics
2022-04-03 13:37:00,642:INFO:Compiling Metrics
2022-04-03 13:37:00,646:INFO:Initializing Fold 9
2022-04-03 13:37:00,647:INFO:Fitting Model
2022-04-03 13:37:00,778:INFO:Evaluating Metrics
2022-04-03 13:37:00,825:INFO:Compiling Metrics
2022-04-03 13:37:00,829:INFO:Initializing Fold 10
2022-04-03 13:37:00,830:INFO:Fitting Model
2022-04-03 13:37:00,966:INFO:Evaluating Metrics
2022-04-03 13:37:01,013:INFO:Compiling Metrics
2022-04-03 13:37:01,019:INFO:Calculating mean and std
2022-04-03 13:37:01,020:INFO:Creating metrics dataframe
2022-04-03 13:37:01,056:INFO:Finalizing model
2022-04-03 13:37:01,192:INFO:Uploading results into container
2022-04-03 13:37:01,192:INFO:Uploading model into container now
2022-04-03 13:37:01,193:INFO:create_model_container: 1
2022-04-03 13:37:01,193:INFO:master_model_container: 1
2022-04-03 13:37:01,193:INFO:display_container: 1
2022-04-03 13:37:01,193:INFO:ExtraTreesClassifier(bootstrap=False, ccp_alpha=0.0, class_weight=None,
                     criterion='gini', max_depth=None, max_features='auto',
                     max_leaf_nodes=None, max_samples=None,
                     min_impurity_decrease=0.0, min_impurity_split=None,
                     min_samples_leaf=1, min_samples_split=2,
                     min_weight_fraction_leaf=0.0, n_estimators=100, n_jobs=-1,
                     oob_score=False, random_state=123, verbose=0,
                     warm_start=False)
2022-04-03 13:37:01,193:INFO:create_model() succesfully completed......................................
2022-04-03 13:37:01,194:INFO:SubProcess create_model() end ==================================
2022-04-03 13:37:01,208:INFO:create_model_container: 1
2022-04-03 13:37:01,208:INFO:master_model_container: 1
2022-04-03 13:37:01,209:INFO:display_container: 2
2022-04-03 13:37:01,210:INFO:ExtraTreesClassifier(bootstrap=False, ccp_alpha=0.0, class_weight=None,
                     criterion='gini', max_depth=None, max_features='auto',
                     max_leaf_nodes=None, max_samples=None,
                     min_impurity_decrease=0.0, min_impurity_split=None,
                     min_samples_leaf=1, min_samples_split=2,
                     min_weight_fraction_leaf=0.0, n_estimators=100, n_jobs=-1,
                     oob_score=False, random_state=123, verbose=0,
                     warm_start=False)
2022-04-03 13:37:01,210:INFO:compare_models() succesfully completed......................................
2022-04-03 13:37:14,371:INFO:Initializing create_model()
2022-04-03 13:37:14,372:INFO:create_model(estimator=et, ensemble=False, method=None, fold=10, round=4, cross_validation=True, verbose=True, system=True)
2022-04-03 13:37:14,372:INFO:Checking exceptions
2022-04-03 13:37:14,372:INFO:Preloading libraries
2022-04-03 13:37:14,372:INFO:Preparing display monitor
2022-04-03 13:37:14,393:INFO:Copying training dataset
2022-04-03 13:37:14,394:INFO:Importing libraries
2022-04-03 13:37:14,395:INFO:Defining folds
2022-04-03 13:37:14,395:INFO:Declaring metric variables
2022-04-03 13:37:14,399:INFO:Importing untrained model
2022-04-03 13:37:14,400:INFO:Extra Trees Classifier Imported succesfully
2022-04-03 13:37:14,401:INFO:Checking ensemble method
2022-04-03 13:37:14,407:INFO:Initializing Fold 1
2022-04-03 13:37:14,413:INFO:Fitting Model
2022-04-03 13:37:14,586:INFO:Evaluating Metrics
2022-04-03 13:37:14,630:INFO:Compiling Metrics
2022-04-03 13:37:14,643:INFO:Initializing Fold 2
2022-04-03 13:37:14,647:INFO:Fitting Model
2022-04-03 13:37:14,787:INFO:Evaluating Metrics
2022-04-03 13:37:14,831:INFO:Compiling Metrics
2022-04-03 13:37:14,843:INFO:Initializing Fold 3
2022-04-03 13:37:14,847:INFO:Fitting Model
2022-04-03 13:37:14,993:INFO:Evaluating Metrics
2022-04-03 13:37:15,045:INFO:Compiling Metrics
2022-04-03 13:37:15,058:INFO:Initializing Fold 4
2022-04-03 13:37:15,063:INFO:Fitting Model
2022-04-03 13:37:15,205:INFO:Evaluating Metrics
2022-04-03 13:37:15,253:INFO:Compiling Metrics
2022-04-03 13:37:15,266:INFO:Initializing Fold 5
2022-04-03 13:37:15,271:INFO:Fitting Model
2022-04-03 13:37:15,413:INFO:Evaluating Metrics
2022-04-03 13:37:15,460:INFO:Compiling Metrics
2022-04-03 13:37:15,475:INFO:Initializing Fold 6
2022-04-03 13:37:15,479:INFO:Fitting Model
2022-04-03 13:37:15,631:INFO:Evaluating Metrics
2022-04-03 13:37:15,678:INFO:Compiling Metrics
2022-04-03 13:37:15,692:INFO:Initializing Fold 7
2022-04-03 13:37:15,697:INFO:Fitting Model
2022-04-03 13:37:15,864:INFO:Evaluating Metrics
2022-04-03 13:37:15,913:INFO:Compiling Metrics
2022-04-03 13:37:15,927:INFO:Initializing Fold 8
2022-04-03 13:37:15,932:INFO:Fitting Model
2022-04-03 13:37:16,073:INFO:Evaluating Metrics
2022-04-03 13:37:16,119:INFO:Compiling Metrics
2022-04-03 13:37:16,134:INFO:Initializing Fold 9
2022-04-03 13:37:16,139:INFO:Fitting Model
2022-04-03 13:37:16,281:INFO:Evaluating Metrics
2022-04-03 13:37:16,328:INFO:Compiling Metrics
2022-04-03 13:37:16,344:INFO:Initializing Fold 10
2022-04-03 13:37:16,348:INFO:Fitting Model
2022-04-03 13:37:16,494:INFO:Evaluating Metrics
2022-04-03 13:37:16,539:INFO:Compiling Metrics
2022-04-03 13:37:16,554:INFO:Calculating mean and std
2022-04-03 13:37:16,555:INFO:Creating metrics dataframe
2022-04-03 13:37:16,595:INFO:Finalizing model
2022-04-03 13:37:16,737:INFO:Uploading results into container
2022-04-03 13:37:16,737:INFO:Uploading model into container now
2022-04-03 13:37:16,746:INFO:create_model_container: 2
2022-04-03 13:37:16,746:INFO:master_model_container: 2
2022-04-03 13:37:16,746:INFO:display_container: 3
2022-04-03 13:37:16,747:INFO:ExtraTreesClassifier(bootstrap=False, ccp_alpha=0.0, class_weight=None,
                     criterion='gini', max_depth=None, max_features='auto',
                     max_leaf_nodes=None, max_samples=None,
                     min_impurity_decrease=0.0, min_impurity_split=None,
                     min_samples_leaf=1, min_samples_split=2,
                     min_weight_fraction_leaf=0.0, n_estimators=100, n_jobs=-1,
                     oob_score=False, random_state=123, verbose=0,
                     warm_start=False)
2022-04-03 13:37:16,747:INFO:create_model() succesfully completed......................................
2022-04-03 13:37:19,322:INFO:Initializing plot_model()
2022-04-03 13:37:19,323:INFO:plot_model(estimator=ExtraTreesClassifier(bootstrap=False, ccp_alpha=0.0, class_weight=None,
                     criterion='gini', max_depth=None, max_features='auto',
                     max_leaf_nodes=None, max_samples=None,
                     min_impurity_decrease=0.0, min_impurity_split=None,
                     min_samples_leaf=1, min_samples_split=2,
                     min_weight_fraction_leaf=0.0, n_estimators=100, n_jobs=-1,
                     oob_score=False, random_state=123, verbose=0,
                     warm_start=False), plot=parameter, save=False, verbose=True, system=True)
2022-04-03 13:37:19,323:INFO:Checking exceptions
2022-04-03 13:37:19,347:INFO:Preloading libraries
2022-04-03 13:37:19,347:INFO:Preparing display monitor
2022-04-03 13:37:19,355:INFO:Importing libraries
2022-04-03 13:37:19,356:INFO:plot type: parameter
2022-04-03 13:37:19,356:INFO:Copying training dataset
2022-04-03 13:37:19,364:INFO:Visual Rendered Successfully
2022-04-03 13:37:19,365:INFO:plot_model() succesfully completed......................................
2022-04-03 13:37:25,809:INFO:Initializing finalize_model()
2022-04-03 13:37:25,810:INFO:finalize_model(estimator=ExtraTreesClassifier(bootstrap=False, ccp_alpha=0.0, class_weight=None,
                     criterion='gini', max_depth=None, max_features='auto',
                     max_leaf_nodes=None, max_samples=None,
                     min_impurity_decrease=0.0, min_impurity_split=None,
                     min_samples_leaf=1, min_samples_split=2,
                     min_weight_fraction_leaf=0.0, n_estimators=100, n_jobs=-1,
                     oob_score=False, random_state=123, verbose=0,
                     warm_start=False))
2022-04-03 13:37:25,810:INFO:Importing libraries
2022-04-03 13:37:25,810:INFO:Getting model name
2022-04-03 13:37:25,811:INFO:Finalizing Extra Trees Classifier
2022-04-03 13:37:25,960:INFO:Initializing create_model()
2022-04-03 13:37:25,961:INFO:create_model(estimator=ExtraTreesClassifier(bootstrap=False, ccp_alpha=0.0, class_weight=None,
                     criterion='gini', max_depth=None, max_features='auto',
                     max_leaf_nodes=None, max_samples=None,
                     min_impurity_decrease=0.0, min_impurity_split=None,
                     min_samples_leaf=1, min_samples_split=2,
                     min_weight_fraction_leaf=0.0, n_estimators=100, n_jobs=-1,
                     oob_score=False, random_state=123, verbose=0,
                     warm_start=False), ensemble=False, method=None, fold=10, round=4, cross_validation=True, verbose=False, system=False)
2022-04-03 13:37:25,961:INFO:Checking exceptions
2022-04-03 13:37:25,961:INFO:Preloading libraries
2022-04-03 13:37:25,961:INFO:Preparing display monitor
2022-04-03 13:37:25,969:INFO:Copying training dataset
2022-04-03 13:37:25,969:INFO:Importing libraries
2022-04-03 13:37:25,969:INFO:Defining folds
2022-04-03 13:37:25,970:INFO:Declaring metric variables
2022-04-03 13:37:25,970:INFO:Importing untrained model
2022-04-03 13:37:25,970:INFO:Declaring custom model
2022-04-03 13:37:25,971:INFO:Extra Trees Classifier Imported succesfully
2022-04-03 13:37:25,972:INFO:Checking ensemble method
2022-04-03 13:37:25,974:INFO:Initializing Fold 1
2022-04-03 13:37:25,975:INFO:Fitting Model
2022-04-03 13:37:26,105:INFO:Evaluating Metrics
2022-04-03 13:37:26,149:INFO:Compiling Metrics
2022-04-03 13:37:26,153:INFO:Initializing Fold 2
2022-04-03 13:37:26,154:INFO:Fitting Model
2022-04-03 13:37:26,282:INFO:Evaluating Metrics
2022-04-03 13:37:26,325:INFO:Compiling Metrics
2022-04-03 13:37:26,329:INFO:Initializing Fold 3
2022-04-03 13:37:26,329:INFO:Fitting Model
2022-04-03 13:37:26,466:INFO:Evaluating Metrics
2022-04-03 13:37:26,513:INFO:Compiling Metrics
2022-04-03 13:37:26,517:INFO:Initializing Fold 4
2022-04-03 13:37:26,518:INFO:Fitting Model
2022-04-03 13:37:26,659:INFO:Evaluating Metrics
2022-04-03 13:37:26,708:INFO:Compiling Metrics
2022-04-03 13:37:26,712:INFO:Initializing Fold 5
2022-04-03 13:37:26,713:INFO:Fitting Model
2022-04-03 13:37:26,853:INFO:Evaluating Metrics
2022-04-03 13:37:26,901:INFO:Compiling Metrics
2022-04-03 13:37:26,905:INFO:Initializing Fold 6
2022-04-03 13:37:26,906:INFO:Fitting Model
2022-04-03 13:37:27,038:INFO:Evaluating Metrics
2022-04-03 13:37:27,085:INFO:Compiling Metrics
2022-04-03 13:37:27,090:INFO:Initializing Fold 7
2022-04-03 13:37:27,091:INFO:Fitting Model
2022-04-03 13:37:27,224:INFO:Evaluating Metrics
2022-04-03 13:37:27,272:INFO:Compiling Metrics
2022-04-03 13:37:27,277:INFO:Initializing Fold 8
2022-04-03 13:37:27,277:INFO:Fitting Model
2022-04-03 13:37:27,410:INFO:Evaluating Metrics
2022-04-03 13:37:27,456:INFO:Compiling Metrics
2022-04-03 13:37:27,461:INFO:Initializing Fold 9
2022-04-03 13:37:27,461:INFO:Fitting Model
2022-04-03 13:37:27,596:INFO:Evaluating Metrics
2022-04-03 13:37:27,643:INFO:Compiling Metrics
2022-04-03 13:37:27,648:INFO:Initializing Fold 10
2022-04-03 13:37:27,649:INFO:Fitting Model
2022-04-03 13:37:27,780:INFO:Evaluating Metrics
2022-04-03 13:37:27,827:INFO:Compiling Metrics
2022-04-03 13:37:27,831:INFO:Calculating mean and std
2022-04-03 13:37:27,833:INFO:Creating metrics dataframe
2022-04-03 13:37:27,868:INFO:Finalizing model
2022-04-03 13:37:28,002:INFO:Uploading results into container
2022-04-03 13:37:28,003:INFO:Uploading model into container now
2022-04-03 13:37:28,003:INFO:create_model_container: 3
2022-04-03 13:37:28,003:INFO:master_model_container: 3
2022-04-03 13:37:28,003:INFO:display_container: 5
2022-04-03 13:37:28,003:INFO:ExtraTreesClassifier(bootstrap=False, ccp_alpha=0.0, class_weight=None,
                     criterion='gini', max_depth=None, max_features='auto',
                     max_leaf_nodes=None, max_samples=None,
                     min_impurity_decrease=0.0, min_impurity_split=None,
                     min_samples_leaf=1, min_samples_split=2,
                     min_weight_fraction_leaf=0.0, n_estimators=100, n_jobs=-1,
                     oob_score=False, random_state=123, verbose=0,
                     warm_start=False)
2022-04-03 13:37:28,003:INFO:create_model() succesfully completed......................................
2022-04-03 13:37:28,004:INFO:create_model_container: 3
2022-04-03 13:37:28,004:INFO:master_model_container: 3
2022-04-03 13:37:28,004:INFO:display_container: 5
2022-04-03 13:37:28,004:INFO:ExtraTreesClassifier(bootstrap=False, ccp_alpha=0.0, class_weight=None,
                     criterion='gini', max_depth=None, max_features='auto',
                     max_leaf_nodes=None, max_samples=None,
                     min_impurity_decrease=0.0, min_impurity_split=None,
                     min_samples_leaf=1, min_samples_split=2,
                     min_weight_fraction_leaf=0.0, n_estimators=100, n_jobs=-1,
                     oob_score=False, random_state=123, verbose=0,
                     warm_start=False)
2022-04-03 13:37:28,004:INFO:finalize_model() succesfully completed......................................
2022-04-03 13:37:31,618:INFO:Initializing save_model()
2022-04-03 13:37:31,619:INFO:save_model(model=ExtraTreesClassifier(bootstrap=False, ccp_alpha=0.0, class_weight=None,
                     criterion='gini', max_depth=None, max_features='auto',
                     max_leaf_nodes=None, max_samples=None,
                     min_impurity_decrease=0.0, min_impurity_split=None,
                     min_samples_leaf=1, min_samples_split=2,
                     min_weight_fraction_leaf=0.0, n_estimators=100, n_jobs=-1,
                     oob_score=False, random_state=123, verbose=0,
                     warm_start=False), model_name=extra_tree_model, model_only=False, verbose=True)
2022-04-03 13:37:31,619:INFO:Adding model into prep_pipe
2022-04-03 13:37:31,694:INFO:extra_tree_model.pkl saved in current working directory
2022-04-03 13:37:31,702:INFO:Pipeline(memory=None,
         steps=[('dtypes',
                 DataTypes_Auto_infer(categorical_features=[],
                                      display_types=True, features_todrop=[],
                                      ml_usecase='classification',
                                      numerical_features=[], target='quality',
                                      time_features=[])),
                ('imputer',
                 Simple_Imputer(categorical_strategy='not_available',
                                numeric_strategy='mean',
                                target_variable=None)),
                ('new_levels1',
                 New_Catagorical_Le...
                 ExtraTreesClassifier(bootstrap=False, ccp_alpha=0.0,
                                      class_weight=None, criterion='gini',
                                      max_depth=None, max_features='auto',
                                      max_leaf_nodes=None, max_samples=None,
                                      min_impurity_decrease=0.0,
                                      min_impurity_split=None,
                                      min_samples_leaf=1, min_samples_split=2,
                                      min_weight_fraction_leaf=0.0,
                                      n_estimators=100, n_jobs=-1,
                                      oob_score=False, random_state=123,
                                      verbose=0, warm_start=False)]],
         verbose=False)
2022-04-03 13:37:31,702:INFO:save_model() succesfully completed......................................
